2020-06-08 00:44:38,345 - root - INFO - Successfully inserted: 8 rows
2020-06-08 00:44:38,346 - root - INFO - Failed to insert: 0 rows
2020-06-08 00:44:38,559 - root - INFO - Successfully inserted: 10 rows
2020-06-08 00:44:38,560 - root - INFO - Failed to insert: 0 rows
2020-06-08 00:44:38,797 - root - INFO - Successfully inserted: 23 rows
2020-06-08 00:44:38,798 - root - INFO - Failed to insert: 0 rows
2020-06-08 00:44:38,976 - root - INFO - Successfully inserted: 9 rows
2020-06-08 00:44:38,977 - root - INFO - Failed to insert: 0 rows
2020-06-08 00:44:39,117 - root - INFO - Successfully inserted: 7 rows
2020-06-08 00:44:39,118 - root - INFO - Failed to insert: 0 rows
2020-06-08 00:44:39,552 - root - INFO - Successfully inserted: 60 rows
2020-06-08 00:44:39,553 - root - INFO - Failed to insert: 0 rows
2020-06-08 00:44:39,777 - root - INFO - Successfully inserted: 22 rows
2020-06-08 00:44:39,778 - root - INFO - Failed to insert: 0 rows
2020-06-08 00:44:39,883 - root - INFO - Successfully inserted: 4 rows
2020-06-08 00:44:39,884 - root - INFO - Failed to insert: 0 rows
2020-06-08 00:44:40,484 - root - INFO - Successfully inserted: 97 rows
2020-06-08 00:44:40,484 - root - INFO - Failed to insert: 0 rows
2020-06-08 00:44:40,867 - root - INFO - Successfully inserted: 44 rows
2020-06-08 00:44:40,868 - root - INFO - Failed to insert: 0 rows
2020-06-08 00:44:41,044 - root - INFO - Successfully inserted: 12 rows
2020-06-08 00:44:41,045 - root - INFO - Failed to insert: 0 rows
2020-06-08 00:44:41,149 - root - INFO - Successfully inserted: 3 rows
2020-06-08 00:44:41,150 - root - INFO - Failed to insert: 0 rows
2020-06-08 00:44:41,660 - root - INFO - Successfully inserted: 84 rows
2020-06-08 00:44:41,661 - root - INFO - Failed to insert: 0 rows
2020-06-08 00:44:41,788 - root - INFO - Successfully inserted: 8 rows
2020-06-08 00:44:41,790 - root - INFO - Failed to insert: 0 rows
2020-06-08 00:44:41,911 - root - INFO - Successfully inserted: 6 rows
2020-06-08 00:44:41,912 - root - INFO - Failed to insert: 0 rows
2020-06-08 00:44:42,626 - root - INFO - Successfully inserted: 110 rows
2020-06-08 00:44:42,627 - root - INFO - Failed to insert: 0 rows
2020-06-08 00:44:43,144 - root - INFO - Successfully inserted: 68 rows
2020-06-08 00:44:43,144 - root - INFO - Failed to insert: 0 rows
2020-06-08 00:44:43,444 - root - INFO - Successfully inserted: 42 rows
2020-06-08 00:44:43,445 - root - INFO - Failed to insert: 0 rows
2020-06-08 00:44:43,689 - root - INFO - Successfully inserted: 24 rows
2020-06-08 00:44:43,689 - root - INFO - Failed to insert: 0 rows
2020-06-08 00:44:43,856 - root - INFO - Successfully inserted: 14 rows
2020-06-08 00:44:43,857 - root - INFO - Failed to insert: 0 rows
2020-06-08 00:44:44,053 - root - INFO - Successfully inserted: 19 rows
2020-06-08 00:44:44,054 - root - INFO - Failed to insert: 0 rows
2020-06-08 00:44:44,525 - root - INFO - Successfully inserted: 73 rows
2020-06-08 00:44:44,526 - root - INFO - Failed to insert: 0 rows
2020-06-08 00:44:44,648 - root - INFO - Successfully inserted: 7 rows
2020-06-08 00:44:44,648 - root - INFO - Failed to insert: 0 rows
2020-06-08 00:44:44,872 - root - INFO - Successfully inserted: 22 rows
2020-06-08 00:44:44,873 - root - INFO - Failed to insert: 0 rows
2020-06-08 00:44:44,975 - root - INFO - Successfully inserted: 2 rows
2020-06-08 00:44:44,976 - root - INFO - Failed to insert: 0 rows
2020-06-08 00:44:45,393 - root - INFO - Successfully inserted: 59 rows
2020-06-08 00:44:45,394 - root - INFO - Failed to insert: 0 rows
2020-06-08 00:44:45,645 - root - INFO - Successfully inserted: 29 rows
2020-06-08 00:44:45,646 - root - INFO - Failed to insert: 0 rows
2020-06-08 00:44:45,758 - root - INFO - Successfully inserted: 5 rows
2020-06-08 00:44:45,759 - root - INFO - Failed to insert: 0 rows
2020-06-08 00:44:45,857 - root - INFO - Successfully inserted: 2 rows
2020-06-08 00:44:45,858 - root - INFO - Failed to insert: 0 rows
2020-06-08 00:44:45,983 - root - INFO - Successfully inserted: 6 rows
2020-06-08 00:44:45,985 - root - INFO - Failed to insert: 0 rows
2020-06-08 00:44:46,444 - root - INFO - Successfully inserted: 64 rows
2020-06-08 00:44:46,445 - root - INFO - Failed to insert: 0 rows
2020-06-08 00:44:46,548 - root - INFO - Successfully inserted: 2 rows
2020-06-08 00:44:46,549 - root - INFO - Failed to insert: 0 rows
2020-06-08 00:44:46,654 - root - INFO - Successfully inserted: 3 rows
2020-06-08 00:44:46,654 - root - INFO - Failed to insert: 0 rows
2020-06-08 00:44:46,847 - root - INFO - Successfully inserted: 16 rows
2020-06-08 00:44:46,848 - root - INFO - Failed to insert: 0 rows
2020-06-08 00:44:47,008 - root - INFO - Successfully inserted: 11 rows
2020-06-08 00:44:47,009 - root - INFO - Failed to insert: 0 rows
2020-06-08 00:44:47,304 - root - INFO - Successfully inserted: 40 rows
2020-06-08 00:44:47,305 - root - INFO - Failed to insert: 0 rows
2020-06-08 00:44:47,455 - root - INFO - Successfully inserted: 11 rows
2020-06-08 00:44:47,456 - root - INFO - Failed to insert: 0 rows
2020-06-08 00:44:48,127 - root - INFO - Successfully inserted: 110 rows
2020-06-08 00:44:48,128 - root - INFO - Failed to insert: 0 rows
2020-06-08 00:44:48,439 - root - INFO - Successfully inserted: 29 rows
2020-06-08 00:44:48,440 - root - INFO - Failed to insert: 0 rows
2020-06-08 00:44:49,098 - root - INFO - Successfully inserted: 99 rows
2020-06-08 00:44:49,099 - root - INFO - Failed to insert: 0 rows
2020-06-08 00:44:49,452 - root - INFO - Successfully inserted: 33 rows
2020-06-08 00:44:49,452 - root - INFO - Failed to insert: 0 rows
2020-06-08 00:44:49,566 - root - INFO - Successfully inserted: 4 rows
2020-06-08 00:44:49,566 - root - INFO - Failed to insert: 0 rows
2020-06-08 00:44:50,483 - root - INFO - Successfully inserted: 69 rows
2020-06-08 00:44:50,486 - root - INFO - Failed to insert: 0 rows
2020-06-08 00:44:50,681 - root - INFO - Successfully inserted: 9 rows
2020-06-08 00:44:50,682 - root - INFO - Failed to insert: 0 rows
2020-06-08 00:44:51,117 - root - INFO - Successfully inserted: 42 rows
2020-06-08 00:44:51,118 - root - INFO - Failed to insert: 0 rows
2020-06-08 00:44:51,391 - root - INFO - Successfully inserted: 33 rows
2020-06-08 00:44:51,391 - root - INFO - Failed to insert: 0 rows
2020-06-08 00:44:51,991 - root - INFO - Successfully inserted: 106 rows
2020-06-08 00:44:51,991 - root - INFO - Failed to insert: 0 rows
2020-06-08 00:44:52,313 - root - INFO - Successfully inserted: 46 rows
2020-06-08 00:44:52,314 - root - INFO - Failed to insert: 0 rows
2020-06-08 00:44:52,476 - root - INFO - Successfully inserted: 9 rows
2020-06-08 00:44:52,501 - root - INFO - Failed to insert: 0 rows
2020-06-08 00:44:52,878 - root - INFO - Successfully inserted: 60 rows
2020-06-08 00:44:52,879 - root - INFO - Failed to insert: 0 rows
2020-06-08 00:44:53,219 - root - INFO - Successfully inserted: 60 rows
2020-06-08 00:44:53,220 - root - INFO - Failed to insert: 0 rows
2020-06-08 00:44:53,660 - root - INFO - Successfully inserted: 72 rows
2020-06-08 00:44:53,661 - root - INFO - Failed to insert: 0 rows
2020-06-08 00:44:54,212 - root - INFO - Successfully inserted: 78 rows
2020-06-08 00:44:54,225 - root - INFO - Failed to insert: 0 rows
2020-06-08 00:44:54,511 - root - INFO - Successfully inserted: 23 rows
2020-06-08 00:44:54,512 - root - INFO - Failed to insert: 0 rows
2020-06-08 00:44:54,901 - root - INFO - Successfully inserted: 57 rows
2020-06-08 00:44:54,902 - root - INFO - Failed to insert: 0 rows
2020-06-08 00:44:55,083 - root - INFO - Successfully inserted: 19 rows
2020-06-08 00:44:55,083 - root - INFO - Failed to insert: 0 rows
2020-06-08 00:44:55,471 - root - INFO - Successfully inserted: 62 rows
2020-06-08 00:44:55,472 - root - INFO - Failed to insert: 0 rows
2020-06-08 00:44:55,651 - root - INFO - Successfully inserted: 14 rows
2020-06-08 00:44:55,652 - root - INFO - Failed to insert: 0 rows
2020-06-08 00:44:55,987 - root - INFO - Successfully inserted: 41 rows
2020-06-08 00:44:55,988 - root - INFO - Failed to insert: 0 rows
2020-06-08 00:44:56,218 - root - INFO - Successfully inserted: 17 rows
2020-06-08 00:44:56,219 - root - INFO - Failed to insert: 0 rows
2020-06-08 00:44:56,557 - root - INFO - Successfully inserted: 49 rows
2020-06-08 00:44:56,558 - root - INFO - Failed to insert: 0 rows
2020-06-08 00:44:56,779 - root - INFO - Successfully inserted: 21 rows
2020-06-08 00:44:56,779 - root - INFO - Failed to insert: 0 rows
2020-06-08 00:44:57,092 - root - INFO - Successfully inserted: 37 rows
2020-06-08 00:44:57,093 - root - INFO - Failed to insert: 0 rows
2020-06-08 00:44:57,270 - root - INFO - Successfully inserted: 14 rows
2020-06-08 00:44:57,270 - root - INFO - Failed to insert: 0 rows
2020-06-08 00:44:57,675 - root - INFO - Successfully inserted: 49 rows
2020-06-08 00:44:57,675 - root - INFO - Failed to insert: 0 rows
CLAS
list index out of range
2020-06-08 00:44:58,010 - root - INFO - Successfully inserted: 7 rows
2020-06-08 00:44:58,011 - root - INFO - Failed to insert: 0 rows
2020-06-08 00:44:58,158 - root - INFO - Successfully inserted: 8 rows
2020-06-08 00:44:58,159 - root - INFO - Failed to insert: 0 rows
2020-06-08 00:44:58,514 - root - INFO - Successfully inserted: 58 rows
2020-06-08 00:44:58,514 - root - INFO - Failed to insert: 0 rows
2020-06-08 00:44:59,111 - root - INFO - Successfully inserted: 83 rows
2020-06-08 00:44:59,130 - root - INFO - Failed to insert: 0 rows
2020-06-08 00:44:59,225 - root - INFO - Successfully inserted: 1 rows
2020-06-08 00:44:59,226 - root - INFO - Failed to insert: 0 rows
2020-06-08 00:44:59,708 - root - INFO - Successfully inserted: 76 rows
2020-06-08 00:44:59,709 - root - INFO - Failed to insert: 0 rows
2020-06-08 00:44:59,875 - root - INFO - Successfully inserted: 10 rows
2020-06-08 00:44:59,876 - root - INFO - Failed to insert: 0 rows
2020-06-08 00:45:00,247 - root - INFO - Successfully inserted: 53 rows
2020-06-08 00:45:00,248 - root - INFO - Failed to insert: 0 rows
2020-06-08 00:45:00,681 - root - INFO - Successfully inserted: 73 rows
2020-06-08 00:45:00,682 - root - INFO - Failed to insert: 0 rows
2020-06-08 00:45:01,170 - root - INFO - Successfully inserted: 87 rows
2020-06-08 00:45:01,171 - root - INFO - Failed to insert: 0 rows
2020-06-08 00:45:01,364 - root - INFO - Successfully inserted: 20 rows
2020-06-08 00:45:01,364 - root - INFO - Failed to insert: 0 rows
2020-06-08 00:45:01,539 - root - INFO - Successfully inserted: 9 rows
2020-06-08 00:45:01,540 - root - INFO - Failed to insert: 0 rows
2020-06-08 00:45:01,837 - root - INFO - Successfully inserted: 24 rows
2020-06-08 00:45:01,839 - root - INFO - Failed to insert: 0 rows
2020-06-08 00:45:01,982 - root - INFO - Successfully inserted: 4 rows
2020-06-08 00:45:01,983 - root - INFO - Failed to insert: 0 rows
SDS
list index out of range
2020-06-08 00:45:02,640 - root - INFO - Successfully inserted: 37 rows
2020-06-08 00:45:02,649 - root - INFO - Failed to insert: 0 rows
2020-06-08 00:45:02,734 - root - INFO - Successfully inserted: 1 rows
2020-06-08 00:45:02,734 - root - INFO - Failed to insert: 0 rows
2020-06-08 00:45:02,966 - root - INFO - Successfully inserted: 16 rows
2020-06-08 00:45:02,967 - root - INFO - Failed to insert: 0 rows
2020-06-08 00:45:03,082 - root - INFO - Successfully inserted: 3 rows
2020-06-08 00:45:03,083 - root - INFO - Failed to insert: 0 rows
2020-06-08 00:45:03,391 - root - INFO - Successfully inserted: 49 rows
2020-06-08 00:45:03,394 - root - INFO - Failed to insert: 0 rows
2020-06-08 00:45:03,767 - root - INFO - Successfully inserted: 54 rows
2020-06-08 00:45:03,768 - root - INFO - Failed to insert: 0 rows
2020-06-08 00:45:03,887 - root - INFO - Successfully inserted: 4 rows
2020-06-08 00:45:03,889 - root - INFO - Failed to insert: 0 rows
2020-06-08 00:45:04,149 - root - INFO - Successfully inserted: 31 rows
2020-06-08 00:45:04,150 - root - INFO - Failed to insert: 0 rows
2020-06-08 00:45:04,245 - root - INFO - Successfully inserted: 1 rows
2020-06-08 00:45:04,245 - root - INFO - Failed to insert: 0 rows
2020-06-08 00:45:04,869 - root - INFO - Successfully inserted: 99 rows
2020-06-08 00:45:04,870 - root - INFO - Failed to insert: 0 rows
2020-06-08 00:45:04,993 - root - INFO - Successfully inserted: 4 rows
2020-06-08 00:45:04,994 - root - INFO - Failed to insert: 0 rows
2020-06-08 00:45:05,118 - root - INFO - Successfully inserted: 6 rows
2020-06-08 00:45:05,119 - root - INFO - Failed to insert: 0 rows
2020-06-08 00:45:05,634 - root - INFO - Successfully inserted: 96 rows
2020-06-08 00:45:05,635 - root - INFO - Failed to insert: 0 rows
2020-06-08 00:45:05,868 - root - INFO - Successfully inserted: 15 rows
2020-06-08 00:45:05,869 - root - INFO - Failed to insert: 0 rows
2020-06-08 00:45:06,017 - root - INFO - Successfully inserted: 5 rows
2020-06-08 00:45:06,018 - root - INFO - Failed to insert: 0 rows
2020-06-08 00:45:06,203 - root - INFO - Successfully inserted: 15 rows
2020-06-08 00:45:06,204 - root - INFO - Failed to insert: 0 rows
2020-06-08 00:45:06,528 - root - INFO - Successfully inserted: 40 rows
2020-06-08 00:45:06,529 - root - INFO - Failed to insert: 0 rows
2020-06-08 00:45:06,713 - root - INFO - Successfully inserted: 15 rows
2020-06-08 00:45:06,714 - root - INFO - Failed to insert: 0 rows
2020-06-08 00:45:07,509 - root - INFO - Successfully inserted: 166 rows
2020-06-08 00:45:07,510 - root - INFO - Failed to insert: 0 rows
2020-06-08 00:45:07,915 - root - INFO - Successfully inserted: 50 rows
2020-06-08 00:45:07,916 - root - INFO - Failed to insert: 0 rows
2020-06-08 00:45:08,029 - root - INFO - Successfully inserted: 2 rows
2020-06-08 00:45:08,032 - root - INFO - Failed to insert: 0 rows
2020-06-08 00:45:08,342 - root - INFO - Successfully inserted: 42 rows
2020-06-08 00:45:08,343 - root - INFO - Failed to insert: 0 rows
2020-06-08 00:45:08,483 - root - INFO - Successfully inserted: 8 rows
2020-06-08 00:45:08,484 - root - INFO - Failed to insert: 0 rows
2020-06-08 00:45:08,727 - root - INFO - Successfully inserted: 17 rows
2020-06-08 00:45:08,728 - root - INFO - Failed to insert: 0 rows
2020-06-08 00:45:09,067 - root - INFO - Successfully inserted: 55 rows
2020-06-08 00:45:09,068 - root - INFO - Failed to insert: 0 rows
2020-06-08 00:45:09,194 - root - INFO - Successfully inserted: 7 rows
2020-06-08 00:45:09,195 - root - INFO - Failed to insert: 0 rows
2020-06-08 00:45:09,446 - root - INFO - Successfully inserted: 31 rows
2020-06-08 00:45:09,447 - root - INFO - Failed to insert: 0 rows
2020-06-08 00:45:09,757 - root - INFO - Successfully inserted: 42 rows
2020-06-08 00:45:09,758 - root - INFO - Failed to insert: 0 rows
2020-06-08 00:45:09,869 - root - INFO - Successfully inserted: 4 rows
2020-06-08 00:45:09,871 - root - INFO - Failed to insert: 0 rows
2020-06-08 00:45:10,136 - root - INFO - Successfully inserted: 27 rows
2020-06-08 00:45:10,136 - root - INFO - Failed to insert: 0 rows
SWREN
list index out of range
2020-06-08 00:45:10,807 - root - INFO - Successfully inserted: 107 rows
2020-06-08 00:45:10,807 - root - INFO - Failed to insert: 0 rows
2020-06-08 00:45:10,983 - root - INFO - Successfully inserted: 15 rows
2020-06-08 00:45:10,984 - root - INFO - Failed to insert: 0 rows
2020-06-08 00:45:11,402 - root - INFO - Successfully inserted: 66 rows
2020-06-08 00:45:11,403 - root - INFO - Failed to insert: 0 rows
2020-06-08 00:45:11,526 - root - INFO - Successfully inserted: 7 rows
2020-06-08 00:45:11,527 - root - INFO - Failed to insert: 0 rows
2020-06-08 00:45:11,746 - root - INFO - Successfully inserted: 16 rows
2020-06-08 00:45:11,747 - root - INFO - Failed to insert: 0 rows
2020-06-08 00:45:12,124 - root - INFO - Successfully inserted: 60 rows
2020-06-08 00:45:12,125 - root - INFO - Failed to insert: 0 rows
