CURRENT FILE PARSING : /Specs/MATH-Applied-Mathematics-Minor1.html
2020-06-13 19:16:53,001 - root - INFO - Successfully inserted: 7 rows
2020-06-13 19:16:53,002 - root - INFO - Failed to insert: 0 rows
CURRENT FILE PARSING : /Specs/MATH-Joint-Actuarial-Science1.html
2020-06-13 19:16:53,076 - root - INFO - Successfully inserted: 14 rows
2020-06-13 19:16:53,077 - root - INFO - Failed to insert: 0 rows
CURRENT FILE PARSING : /Specs/MATH-Bus-Admin-Computer-Sci-Double-Degree-Reqmnt-1.html
[<a href="http://ugradcalendar.uwaterloo.ca/page/MATH-Degree-Requirements-for-Math-students#Table%20I">Table I</a>]
2020-06-13 19:16:53,178 - root - INFO - Successfully inserted: 40 rows
2020-06-13 19:16:53,179 - root - INFO - Failed to insert: 0 rows
CURRENT FILE PARSING : /Specs/MATH-Computing-Financial-Mngt-Overview-Degree-Req.html
[<a href="http://ugradcalendar.uwaterloo.ca/page/MATH-Degree-Requirements-for-Math-students#Table%20I">Table I</a>, <a href="/page/MATH-Degree-Requirements-for-Math-students">Communication Skills Requirement</a>]
2020-06-13 19:16:53,292 - root - INFO - Successfully inserted: 35 rows
2020-06-13 19:16:53,293 - root - INFO - Failed to insert: 0 rows
CURRENT FILE PARSING : /Specs/MATH-Data-Science1.html
[<a href="/page/MATH-Statistics1">Honours Statistics</a>]
2020-06-13 19:16:53,371 - root - INFO - Successfully inserted: 13 rows
2020-06-13 19:16:53,372 - root - INFO - Failed to insert: 0 rows
CURRENT FILE PARSING : /Specs/MATH-Actuarial-Science-Minor.html
2020-06-13 19:16:53,426 - root - INFO - Successfully inserted: 11 rows
2020-06-13 19:16:53,428 - root - INFO - Failed to insert: 0 rows
CURRENT FILE PARSING : /Specs/MATH-Statistics1.html
[<a href="http://ugradcalendar.uwaterloo.ca/page/MATH-Degree-Requirements-for-Math-students#Table%20I">Table I</a>, <a href="http://ugradcalendar.uwaterloo.ca/page/MATH-Degree-Requirements-for-Math-students#Table%20II">Table II</a>]
2020-06-13 19:16:53,490 - root - INFO - Successfully inserted: 12 rows
2020-06-13 19:16:53,491 - root - INFO - Failed to insert: 0 rows
CURRENT FILE PARSING : /Specs/MATH-Joint-Computer-Science-Bach-of-Math.html
2020-06-13 19:16:53,534 - root - INFO - Successfully inserted: 0 rows
2020-06-13 19:16:53,535 - root - INFO - Failed to insert: 0 rows
CURRENT FILE PARSING : /Specs/MATH-Chart-Prof-Accounting-Finance-Spec-Coop.html
[<a href="/page/MATH-Math-or-Chart-Prof-Accounting-co-Requirements">Honours Mathematics/Chartered Professional Accountancy</a>]
2020-06-13 19:16:53,582 - root - INFO - Successfully inserted: 6 rows
2020-06-13 19:16:53,583 - root - INFO - Failed to insert: 0 rows
CURRENT FILE PARSING : /Specs/MATH-Computer-Science-Minor-2.html
2020-06-13 19:16:53,629 - root - INFO - Successfully inserted: 5 rows
2020-06-13 19:16:53,630 - root - INFO - Failed to insert: 0 rows
CURRENT FILE PARSING : /Specs/MATH-Computer-Sci-Business-Spec.html
2020-06-13 19:16:53,679 - root - INFO - Successfully inserted: 2 rows
2020-06-13 19:16:53,680 - root - INFO - Failed to insert: 0 rows
CURRENT FILE PARSING : /Specs/MATH-Combinatorics-and-Optimization-Minor2.html
2020-06-13 19:16:53,747 - root - INFO - Successfully inserted: 8 rows
2020-06-13 19:16:53,748 - root - INFO - Failed to insert: 0 rows
CURRENT FILE PARSING : /Specs/MATH-AM-Eng-Specialization-Heat-and-Mass-Transfer.html
[<a href="/page/MATH-AM-Degree-Requirements-Applied-Mathematics">Honours Applied Mathematics</a>]
2020-06-13 19:16:53,805 - root - INFO - Successfully inserted: 8 rows
2020-06-13 19:16:53,807 - root - INFO - Failed to insert: 0 rows
CURRENT FILE PARSING : /Specs/MATH-Mathematical-Economics-Degree-Requirements.html
[<a href="http://ugradcalendar.uwaterloo.ca/page/MATH-Degree-Requirements-for-Math-students#Table%20I">Table I</a>, <a href="http://ugradcalendar.uwaterloo.ca/page/MATH-Degree-Requirements-for-Math-students#Table%20II">Table II</a>]
2020-06-13 19:16:53,882 - root - INFO - Successfully inserted: 20 rows
2020-06-13 19:16:53,883 - root - INFO - Failed to insert: 0 rows
CURRENT FILE PARSING : /Specs/MATH-MS-Degree-Requirements-Mathematical-Studies.html
[<a href="http://ugradcalendar.uwaterloo.ca/page/MATH-Degree-Requirements-for-Math-students#Table%20I">Table I</a>]
2020-06-13 19:16:53,944 - root - INFO - Successfully inserted: 11 rows
2020-06-13 19:16:53,945 - root - INFO - Failed to insert: 0 rows
CURRENT FILE PARSING : /Specs/MATH-Computing-Minor.html
2020-06-13 19:16:53,995 - root - INFO - Successfully inserted: 5 rows
2020-06-13 19:16:53,996 - root - INFO - Failed to insert: 0 rows
CURRENT FILE PARSING : /Specs/MATH-Computer-Sci-Human-Computer-Interaction-Spec.html
[<a href="/page/MATH-Bachelor-of-Computer-Science-1">Bachelor of Computer Science (BCS)</a>, <a href="/page/MATH-Bachelor-of-Mathematics-Computer-Science-1">Bachelor of Mathematics (Computer Science) (BMath)</a>, <a href="/page/MATH-Software-Engineering">Bachelor of Software Engineering (BSE)</a>]
2020-06-13 19:16:54,055 - root - INFO - Successfully inserted: 5 rows
2020-06-13 19:16:54,056 - root - INFO - Failed to insert: 0 rows
CURRENT FILE PARSING : /Specs/MATH-Pure-Mathematics-Teaching-co-op.html
[<a href="http://ugradcalendar.uwaterloo.ca/page/MATH-Degree-Requirements-for-Math-students#Table%20I">Table I</a>, <a href="http://ugradcalendar.uwaterloo.ca/page/MATH-Degree-Requirements-for-Math-students#Table%20II">Table II</a>]
2020-06-13 19:16:54,128 - root - INFO - Successfully inserted: 17 rows
2020-06-13 19:16:54,129 - root - INFO - Failed to insert: 0 rows
CURRENT FILE PARSING : /Specs/MATH-AM-Biology-Specialization.html
[<a href="/page/MATH-AM-Degree-Requirements-Applied-Mathematics">Honours Applied Mathematics</a>]
2020-06-13 19:16:54,179 - root - INFO - Successfully inserted: 0 rows
2020-06-13 19:16:54,180 - root - INFO - Failed to insert: 0 rows
CURRENT FILE PARSING : /Specs/MATH-Bachelor-of-Computer-Science-1.html
[<a href="http://ugradcalendar.uwaterloo.ca/page/MATH-Degree-Requirements-for-Math-students#Table%20I">Table I</a>]
2020-06-13 19:16:54,250 - root - INFO - Successfully inserted: 19 rows
2020-06-13 19:16:54,251 - root - INFO - Failed to insert: 0 rows
CURRENT FILE PARSING : /Specs/MATH-Pure-Mathematics1.html
[<a href="http://ugradcalendar.uwaterloo.ca/page/MATH-Degree-Requirements-for-Math-students#Table%20I">Table I</a>, <a href="http://ugradcalendar.uwaterloo.ca/page/MATH-Degree-Requirements-for-Math-students#Table%20II">Table II</a>]
2020-06-13 19:16:54,313 - root - INFO - Successfully inserted: 10 rows
2020-06-13 19:16:54,314 - root - INFO - Failed to insert: 0 rows
CURRENT FILE PARSING : /Specs/MATH-Computational-Mathematics1.html
[<a href="http://ugradcalendar.uwaterloo.ca/page/MATH-Degree-Requirements-for-Math-students#Table%20I">Table I</a>, <a href="http://ugradcalendar.uwaterloo.ca/page/MATH-Degree-Requirements-for-Math-students#Table%20II">Table II</a>]
2020-06-13 19:16:54,384 - root - INFO - Successfully inserted: 9 rows
2020-06-13 19:16:54,385 - root - INFO - Failed to insert: 0 rows
CURRENT FILE PARSING : /Specs/MATH-Joint-Bachelor-of-Computer-Science-1.html
[<a href="http://ugradcalendar.uwaterloo.ca/page/MATH-Degree-Requirements-for-Math-students#Table%20I">Table I</a>]
2020-06-13 19:16:54,458 - root - INFO - Successfully inserted: 19 rows
2020-06-13 19:16:54,459 - root - INFO - Failed to insert: 0 rows
CURRENT FILE PARSING : /Specs/MATH-Joint-Combinatorics-and-Optimization1.html
2020-06-13 19:16:54,506 - root - INFO - Successfully inserted: 6 rows
2020-06-13 19:16:54,507 - root - INFO - Failed to insert: 0 rows
CURRENT FILE PARSING : TableII.html
2020-06-13 19:16:54,541 - root - INFO - Successfully inserted: 10 rows
2020-06-13 19:16:54,542 - root - INFO - Failed to insert: 0 rows
CURRENT FILE PARSING : /Specs/MATH-AM-Physics-Specialization.html
[]
2020-06-13 19:16:54,585 - root - INFO - Successfully inserted: 0 rows
2020-06-13 19:16:54,586 - root - INFO - Failed to insert: 0 rows
CURRENT FILE PARSING : /Specs/MATH-AS-Predictive-Analytics-Specialization.html
[<a href="/page/MATH-Actuarial-Science1">Honours Actuarial Science</a>]
2020-06-13 19:16:54,641 - root - INFO - Successfully inserted: 7 rows
2020-06-13 19:16:54,642 - root - INFO - Failed to insert: 0 rows
CURRENT FILE PARSING : /Specs/MATH-Computer-Sci-Bioinformatics-Spec.html
2020-06-13 19:16:54,703 - root - INFO - Successfully inserted: 13 rows
2020-06-13 19:16:54,704 - root - INFO - Failed to insert: 0 rows
CURRENT FILE PARSING : /Specs/MATH-Actuarial-Science-Mathematical-Finance1.html
[<a href="http://ugradcalendar.uwaterloo.ca/page/MATH-Degree-Requirements-for-Math-students#Table%20I">Table I</a>, <a href="http://ugradcalendar.uwaterloo.ca/page/MATH-Degree-Requirements-for-Math-students#Table%20II">Table II</a>]
2020-06-13 19:16:54,790 - root - INFO - Successfully inserted: 33 rows
2020-06-13 19:16:54,791 - root - INFO - Failed to insert: 0 rows
CURRENT FILE PARSING : /Specs/MATH-Mathematics-Teaching-co-op.html
[<a href="http://ugradcalendar.uwaterloo.ca/page/MATH-Degree-Requirements-for-Math-students#Table%20I">Table I</a>, <a href="http://ugradcalendar.uwaterloo.ca/page/MATH-Degree-Requirements-for-Math-students#Table%20II">Table II</a>]
2020-06-13 19:16:54,870 - root - INFO - Successfully inserted: 17 rows
2020-06-13 19:16:54,871 - root - INFO - Failed to insert: 0 rows
CURRENT FILE PARSING : /Specs/MATH-MS-Business-Specialization.html
[<a href="/page/MATH-MS-Degree-Requirements-Mathematical-Studies">Honours Mathematical Studies</a>]
2020-06-13 19:16:54,944 - root - INFO - Successfully inserted: 14 rows
2020-06-13 19:16:54,945 - root - INFO - Failed to insert: 0 rows
CURRENT FILE PARSING : /Specs/MATH-Biostatistics1.html
[<a href="http://ugradcalendar.uwaterloo.ca/page/MATH-Degree-Requirements-for-Math-students#Table%20I">Table I</a>, <a href="http://ugradcalendar.uwaterloo.ca/page/MATH-Degree-Requirements-for-Math-students#Table%20II">Table II</a>]
2020-06-13 19:16:55,016 - root - INFO - Successfully inserted: 15 rows
2020-06-13 19:16:55,017 - root - INFO - Failed to insert: 0 rows
CURRENT FILE PARSING : /Specs/MATH-Statistics-Minor.html
2020-06-13 19:16:55,067 - root - INFO - Successfully inserted: 4 rows
2020-06-13 19:16:55,068 - root - INFO - Failed to insert: 0 rows
CURRENT FILE PARSING : /Specs/MATH-AM-Eng-Specializ-Communication-and-Control.html
[<a href="/page/MATH-AM-Degree-Requirements-Applied-Mathematics">Honours Applied Mathematics</a>]
2020-06-13 19:16:55,143 - root - INFO - Successfully inserted: 9 rows
2020-06-13 19:16:55,144 - root - INFO - Failed to insert: 0 rows
CURRENT FILE PARSING : /Specs/MATH-AM-Degree-Requirements-Joint-Applied-Math.html
2020-06-13 19:16:55,215 - root - INFO - Successfully inserted: 11 rows
2020-06-13 19:16:55,216 - root - INFO - Failed to insert: 0 rows
CURRENT FILE PARSING : /Specs/MATH-AM-Degree-Requirements-Applied-Math-Sci-Comp.html
[<a href="http://ugradcalendar.uwaterloo.ca/page/MATH-Degree-Requirements-for-Math-students#Table%20I">Table I</a>, <a href="http://ugradcalendar.uwaterloo.ca/page/MATH-Degree-Requirements-for-Math-students#Table%20II">Table II</a>]
2020-06-13 19:16:55,294 - root - INFO - Successfully inserted: 14 rows
2020-06-13 19:16:55,295 - root - INFO - Failed to insert: 0 rows
CURRENT FILE PARSING : /Specs/MATH-AM-Engineering-Specialization-Fluid-and-Heat.html
[<a href="/page/MATH-AM-Degree-Requirements-Applied-Mathematics">Honours Applied Mathematics</a>]
2020-06-13 19:16:55,381 - root - INFO - Successfully inserted: 12 rows
2020-06-13 19:16:55,382 - root - INFO - Failed to insert: 0 rows
CURRENT FILE PARSING : /Specs/MATH-AS-Finance-Specialization.html
[<a href="/page/MATH-Actuarial-Science1">Honours Actuarial Science</a>]
2020-06-13 19:16:55,444 - root - INFO - Successfully inserted: 7 rows
2020-06-13 19:16:55,445 - root - INFO - Failed to insert: 0 rows
CURRENT FILE PARSING : /Specs/MATH-Joint-Pure-Mathematics1.html
2020-06-13 19:16:55,506 - root - INFO - Successfully inserted: 6 rows
2020-06-13 19:16:55,507 - root - INFO - Failed to insert: 0 rows
CURRENT FILE PARSING : /Specs/MATH-Joint-Statistics1.html
2020-06-13 19:16:55,568 - root - INFO - Successfully inserted: 8 rows
2020-06-13 19:16:55,569 - root - INFO - Failed to insert: 0 rows
CURRENT FILE PARSING : /Specs/MATH-Computational-Mathematics-Minor.html
2020-06-13 19:16:55,628 - root - INFO - Successfully inserted: 3 rows
2020-06-13 19:16:55,630 - root - INFO - Failed to insert: 0 rows
CURRENT FILE PARSING : /Specs/MATH-Actuarial-Science1.html
[<a href="http://ugradcalendar.uwaterloo.ca/page/MATH-Degree-Requirements-for-Math-students#Table%20I">Table I</a>, <a href="http://ugradcalendar.uwaterloo.ca/page/MATH-Degree-Requirements-for-Math-students#Table%20II">Table II</a>]
2020-06-13 19:16:55,730 - root - INFO - Successfully inserted: 22 rows
2020-06-13 19:16:55,731 - root - INFO - Failed to insert: 0 rows
CURRENT FILE PARSING : /Specs/MATH-Information-Techn-Mgt-Degree-Requirements.html
[<a href="http://ugradcalendar.uwaterloo.ca/page/MATH-Degree-Requirements-for-Math-students#Table%20I">Table I</a>, <a href="http://ugradcalendar.uwaterloo.ca/page/MATH-Degree-Requirements-for-Math-students#Table%20II">Table II</a>]
2020-06-13 19:16:55,843 - root - INFO - Successfully inserted: 20 rows
2020-06-13 19:16:55,844 - root - INFO - Failed to insert: 0 rows
CURRENT FILE PARSING : /Specs/MATH-Bachelor-of-Computer-Science-Data-Science.html
[<a href="/page/MATH-Bachelor-of-Computer-Science-1">BCS</a>]
2020-06-13 19:16:55,933 - root - INFO - Successfully inserted: 10 rows
2020-06-13 19:16:55,934 - root - INFO - Failed to insert: 0 rows
CURRENT FILE PARSING : /Specs/MATH-Computer-Sci-Computational-Fine-Art-Spec.html
[<a href="/page/MATH-Bachelor-of-Computer-Science-1">Bachelor of Computer Science (BCS)</a>, <a href="/page/MATH-Bachelor-of-Mathematics-Computer-Science-1">Bachelor of Mathematics (BMath) (Computer Science)</a>, <a href="/page/MATH-Software-Engineering">Bachelor of Software Engineering (BSE)</a>]
2020-06-13 19:16:56,000 - root - INFO - Successfully inserted: 9 rows
2020-06-13 19:16:56,001 - root - INFO - Failed to insert: 0 rows
CURRENT FILE PARSING : /Specs/MATH-Combinatorics-and-Optimization2.html
[<a href="http://ugradcalendar.uwaterloo.ca/page/MATH-Degree-Requirements-for-Math-students#Table%20I">Table I</a>, <a href="http://ugradcalendar.uwaterloo.ca/page/MATH-Degree-Requirements-for-Math-students#Table%20II">Table II</a>]
2020-06-13 19:16:56,077 - root - INFO - Successfully inserted: 11 rows
2020-06-13 19:16:56,078 - root - INFO - Failed to insert: 0 rows
CURRENT FILE PARSING : /Specs/MATH-Computer-Sci-Software-Engineering-Spec.html
[<a href="/page/MATH-Bachelor-of-Computer-Science-1">Bachelor of Computer Science (BCS)</a>, <a href="/page/MATH-Bachelor-of-Mathematics-Computer-Science-1">Bachelor of Mathematics (Computer Science) (BMath)</a>]
2020-06-13 19:16:56,162 - root - INFO - Successfully inserted: 9 rows
2020-06-13 19:16:56,163 - root - INFO - Failed to insert: 0 rows
CURRENT FILE PARSING : /Specs/MATH-Pure-Mathematics-Minor1.html
2020-06-13 19:16:56,198 - root - INFO - Successfully inserted: 4 rows
2020-06-13 19:16:56,200 - root - INFO - Failed to insert: 0 rows
CURRENT FILE PARSING : /Specs/MATH-AM-Degree-Requirements-Mathematical-Physics.html
[<a href="http://ugradcalendar.uwaterloo.ca/page/MATH-Degree-Requirements-for-Math-students#Table%20I">Table I</a>, <a href="http://ugradcalendar.uwaterloo.ca/page/MATH-Degree-Requirements-for-Math-students#Table%20II">Table II</a>]
2020-06-13 19:16:56,319 - root - INFO - Successfully inserted: 23 rows
2020-06-13 19:16:56,320 - root - INFO - Failed to insert: 0 rows
CURRENT FILE PARSING : /Specs/MATH-Mathematics-or-Business-Administration.html
2020-06-13 19:16:56,374 - root - INFO - Successfully inserted: 0 rows
2020-06-13 19:16:56,375 - root - INFO - Failed to insert: 0 rows
CURRENT FILE PARSING : /Specs/MATH-Bus-Admin-and-Math-Double-Degree-Requirements.html
[<a href="http://ugradcalendar.uwaterloo.ca/page/MATH-Degree-Requirements-for-Math-students#Table%20I">Table I</a>, <a href="http://ugradcalendar.uwaterloo.ca/page/MATH-Degree-Requirements-for-Math-students#Table%20II">Table II</a>]
2020-06-13 19:16:56,472 - root - INFO - Successfully inserted: 27 rows
2020-06-13 19:16:56,474 - root - INFO - Failed to insert: 0 rows
CURRENT FILE PARSING : /Specs/MATH-AM-Economics-Specialization.html
[<a href="/page/MATH-AM-Degree-Requirements-Applied-Mathematics">Honours Applied Mathematics</a>]
2020-06-13 19:16:56,554 - root - INFO - Successfully inserted: 0 rows
2020-06-13 19:16:56,555 - root - INFO - Failed to insert: 0 rows
CURRENT FILE PARSING : /Specs/MATH-Computer-Sci-Digital-Hardware-Spec.html
2020-06-13 19:16:56,629 - root - INFO - Successfully inserted: 7 rows
2020-06-13 19:16:56,630 - root - INFO - Failed to insert: 0 rows
CURRENT FILE PARSING : /Specs/MATH-Computer-Sci-Artificial-Intelligence-Spec.html
2020-06-13 19:16:56,704 - root - INFO - Successfully inserted: 5 rows
2020-06-13 19:16:56,706 - root - INFO - Failed to insert: 0 rows
CURRENT FILE PARSING : /Specs/MATH-Bachelor-of-Mathematics-Computer-Science-1.html
[<a href="http://ugradcalendar.uwaterloo.ca/page/MATH-Degree-Requirements-for-Math-students#Table%20I">Table I</a>, <a href="http://ugradcalendar.uwaterloo.ca/page/MATH-Degree-Requirements-for-Math-students#Table%20II">Table II</a>]
2020-06-13 19:16:56,797 - root - INFO - Successfully inserted: 14 rows
2020-06-13 19:16:56,799 - root - INFO - Failed to insert: 0 rows
CURRENT FILE PARSING : /Specs/MATH-AM-Degree-Requirements-Applied-Mathematics.html
[<a href="http://ugradcalendar.uwaterloo.ca/page/MATH-Degree-Requirements-for-Math-students#Table%20I">Table I</a>, <a href="http://ugradcalendar.uwaterloo.ca/page/MATH-Degree-Requirements-for-Math-students#Table%20II">Table II</a>]
2020-06-13 19:16:56,894 - root - INFO - Successfully inserted: 14 rows
2020-06-13 19:16:56,895 - root - INFO - Failed to insert: 0 rows
