Fetching Honours and General Kinesiology...
Fetching Ergonomics and Injury Prevention Minor...
Fetching Human Nutrition Minor...
Fetching Medical Physiology Minor...
Fetching Rehabilitation Sciences Specialization...
Fetching General Recreation and Leisure Studies...
Fetching Honours Recreation and Leisure Studies...
Fetching Honours Recreation and Sport Business...
Fetching Honours Therapeutic Recreation...
Fetching Honours Tourism Development...
Fetching Event Management Minor...
Fetching Tourism Minor...
Fetching Honours Health Studies...
Fetching Honours Public Health...
Fetching Health Informatics Option...
Fetching Health Research Specialization...
Fetching Pre-Clinical Specialization...
Fetching Gerontology Minor...
Fetching Aging Studies Option...
Fetching Diploma in Gerontology...
