Fetching http://ugradcalendar.uwaterloo.ca//page/MATH-Actuarial-Science1...
Fetching http://ugradcalendar.uwaterloo.ca//page/MATH-Joint-Actuarial-Science1...
Fetching http://ugradcalendar.uwaterloo.ca//page/MATH-AS-Finance-Specialization...
Fetching http://ugradcalendar.uwaterloo.ca//page/MATH-AS-Predictive-Analytics-Specialization...
Fetching http://ugradcalendar.uwaterloo.ca//page/MATH-AM-Degree-Requirements-Applied-Mathematics...
Fetching http://ugradcalendar.uwaterloo.ca//page/MATH-AM-Degree-Requirements-Joint-Applied-Math...
Fetching http://ugradcalendar.uwaterloo.ca//page/MATH-AM-Degree-Requirements-Applied-Math-Sci-Comp...
Fetching http://ugradcalendar.uwaterloo.ca//page/MATH-AM-Degree-Requirements-Mathematical-Physics...
Fetching http://ugradcalendar.uwaterloo.ca//page/MATH-AM-Biology-Specialization...
Fetching http://ugradcalendar.uwaterloo.ca//page/MATH-AM-Economics-Specialization...
Fetching http://ugradcalendar.uwaterloo.ca//page/MATH-AM-Engineering-Specialization-Fluid-and-Heat...
Fetching http://ugradcalendar.uwaterloo.ca/page/MATH-AM-Eng-Specializ-Communication-and-Control...
Fetching http://ugradcalendar.uwaterloo.ca//page/MATH-AM-Eng-Specialization-Heat-and-Mass-Transfer...
Fetching http://ugradcalendar.uwaterloo.ca//page/MATH-AM-Physics-Specialization...
Fetching http://ugradcalendar.uwaterloo.ca//page/MATH-Combinatorics-and-Optimization2...
Fetching http://ugradcalendar.uwaterloo.ca//page/MATH-Joint-Combinatorics-and-Optimization1...
Fetching http://ugradcalendar.uwaterloo.ca//page/MATH-Mathematical-Optimization1...
Fetching http://ugradcalendar.uwaterloo.ca//page/MATH-Bachelor-of-Mathematics-Computer-Science-1...
Fetching http://ugradcalendar.uwaterloo.ca//page/MATH-Joint-Computer-Science-Bach-of-Math...
Fetching http://ugradcalendar.uwaterloo.ca//page/MATH-Computer-Sci-Artificial-Intelligence-Spec...
Fetching http://ugradcalendar.uwaterloo.ca//page/MATH-Computer-Sci-Bioinformatics-Spec...
Fetching http://ugradcalendar.uwaterloo.ca//page/MATH-Computer-Sci-Business-Spec...
Fetching http://ugradcalendar.uwaterloo.ca//page/MATH-Computer-Sci-Computational-Fine-Art-Spec...
Fetching http://ugradcalendar.uwaterloo.ca//page/MATH-Computer-Sci-Digital-Hardware-Spec...
Fetching http://ugradcalendar.uwaterloo.ca//page/MATH-Computer-Sci-Human-Computer-Interaction-Spec...
Fetching http://ugradcalendar.uwaterloo.ca//page/MATH-Computer-Sci-Software-Engineering-Spec...
Fetching http://ugradcalendar.uwaterloo.ca//page/MATH-Pure-Mathematics1...
Fetching http://ugradcalendar.uwaterloo.ca//page/MATH-Joint-Pure-Mathematics1...
Fetching http://ugradcalendar.uwaterloo.ca//page/MATH-Pure-Mathematics-Teaching-co-op...
Fetching http://ugradcalendar.uwaterloo.ca/page/MATH-Statistics1...
Fetching http://ugradcalendar.uwaterloo.ca//page/MATH-Joint-Statistics1...
Fetching http://ugradcalendar.uwaterloo.ca//page/MATH-Biostatistics1...
Fetching http://ugradcalendar.uwaterloo.ca//page/MATH-Data-Science1...
Fetching http://ugradcalendar.uwaterloo.ca//page/MATH-Actuarial-Science-Mathematical-Finance1...
Fetching http://ugradcalendar.uwaterloo.ca//page/MATH-Information-Techn-Mgt-Degree-Requirements...
Fetching http://ugradcalendar.uwaterloo.ca//page/MATH-Mathematical-Economics-Degree-Requirements...
Fetching http://ugradcalendar.uwaterloo.ca//page/MATH-Mathematics-or-Business-Administration...
Fetching http://ugradcalendar.uwaterloo.ca//page/MATH-Math-or-Chartered-Professional-Accountancy-co...
Fetching http://ugradcalendar.uwaterloo.ca//page/MATH-Chart-Prof-Accounting-Finance-Spec-Coop...
Fetching http://ugradcalendar.uwaterloo.ca//page/MATH-Math-or-Fin-Analysis-Risk-Mgt-Degree-Reqmnt...
Fetching http://ugradcalendar.uwaterloo.ca//page/MATH-Mathematics-Teaching-co-op...
Fetching http://ugradcalendar.uwaterloo.ca//page/MATH-Computational-Mathematics1...
Fetching http://ugradcalendar.uwaterloo.ca//page/MATH-MS-Degree-Requirements-Mathematical-Studies...
Fetching http://ugradcalendar.uwaterloo.ca//page/MATH-MS-Business-Specialization...
Fetching http://ugradcalendar.uwaterloo.ca//page/MATH-Bachelor-of-Computer-Science-1...
Fetching http://ugradcalendar.uwaterloo.ca//page/MATH-Joint-Bachelor-of-Computer-Science-1...
Fetching http://ugradcalendar.uwaterloo.ca//page/MATH-Computer-Sci-Artificial-Intelligence-Spec...
Fetching http://ugradcalendar.uwaterloo.ca//page/MATH-Computer-Sci-Bioinformatics-Spec...
Fetching http://ugradcalendar.uwaterloo.ca//page/MATH-Computer-Sci-Business-Spec...
Fetching http://ugradcalendar.uwaterloo.ca//page/MATH-Computer-Sci-Computational-Fine-Art-Spec...
Fetching http://ugradcalendar.uwaterloo.ca//page/MATH-Computer-Sci-Digital-Hardware-Spec...
Fetching http://ugradcalendar.uwaterloo.ca//page/MATH-Computer-Sci-Human-Computer-Interaction-Spec...
Fetching http://ugradcalendar.uwaterloo.ca//page/MATH-Computer-Sci-Software-Engineering-Spec...
Fetching http://ugradcalendar.uwaterloo.ca//page/MATH-Bachelor-of-Computer-Science-Data-Science...
Fetching http://ugradcalendar.uwaterloo.ca//page/MATH-Bus-Admin-and-Math-Double-Degree-Requirements...
Fetching http://ugradcalendar.uwaterloo.ca//page/MATH-Bus-Admin-Computer-Sci-Double-Degree-Reqmnt-1...
Fetching http://ugradcalendar.uwaterloo.ca//page/MATH-Computing-Financial-Mngt-Overview-Degree-Req...
Fetching http://ugradcalendar.uwaterloo.ca//page/ENG-Software-Engineering...
Looking for minors in /group/MATH-Actuarial-Science-1...
Fetching Actuarial Science Minor...
Looking for minors in /group/MATH-Applied-Mathematics-1...
Fetching Applied Mathematics Minor...
Looking for minors in /group/MATH-Combinatorics-and-Optimization1...
Fetching Combinatorics and Optimization Minor...
Looking for minors in /group/MATH-Computational-Mathematics-1...
Fetching Computational Mathematics Minor...
Looking for minors in /group/MATH-Computer-Science-1...
Fetching Computer Science Minor...
Fetching Computing Minor...
Looking for minors in /group/MATH-Computing-and-Financial-Management...
Looking for minors in /group/MATH-Mathematics-or-Business...
Looking for minors in /group/MATH-Mathematical-Optimization1...
Looking for minors in /group/MATH-Mathematical-Studies-1...
Looking for minors in /group/MATH-Mathematics-or-Teaching...
Looking for minors in /group/MATH-Pure-Mathematics-1...
Fetching Pure Mathematics Minor...
Looking for minors in /group/MATH-Statistics-1...
Fetching Statistics Minor...
